<?xml version="1.0" encoding="UTF-8" ?>
<testsuite tests="21" failures="0" name="pl.edu.pw.ee.HeapTest" time="9.995" errors="0" skipped="0">
  <properties>
[...]
</properties>
  <testcase classname="pl.edu.pw.ee.HeapTest" name="putShouldWorkWhenDataContainsNoElement" time="0.003"/>
  <testcase classname="pl.edu.pw.ee.HeapTest" name="buildShouldPassDataWhenAllValuesAreTheSame" time="0"/>
  <testcase classname="pl.edu.pw.ee.HeapTest" name="buildShouldBuildHeap" time="0"/>
  <testcase classname="pl.edu.pw.ee.HeapTest" name="putItemCannotBeNull" time="0"/>
  <testcase classname="pl.edu.pw.ee.HeapTest" name="buildShouldBuildHeapWhenTwoElementsAreTheSame" time="0"/>
  <testcase classname="pl.edu.pw.ee.HeapTest" name="putPerformanceTest" time="4.933"/>
  <testcase classname="pl.edu.pw.ee.HeapTest" name="buildShouldPassDataWithNoElements" time="0"/>
  <testcase classname="pl.edu.pw.ee.HeapTest" name="popShouldWorkWhenDataContainsOneElement" time="0"/>
  <testcase classname="pl.edu.pw.ee.HeapTest" name="putShouldWorkWhenAddedItemIsSmallerThanTheRest" time="0"/>
  <testcase classname="pl.edu.pw.ee.HeapTest" name="popCannotBeUsedWhenHeapIsEmpty" time="0"/>
  <testcase classname="pl.edu.pw.ee.HeapTest" name="putShouldWorkWhenAddedItemIsGreaterThanTheRest" time="0"/>
  <testcase classname="pl.edu.pw.ee.HeapTest" name="buildPerformanceTest" time="5.058"/>
  <testcase classname="pl.edu.pw.ee.HeapTest" name="putShouldMaintainHeapStructure" time="0"/>
  <testcase classname="pl.edu.pw.ee.HeapTest" name="buildShouldPassDataWithOneElement" time="0"/>
  <testcase classname="pl.edu.pw.ee.HeapTest" name="dataCannotContainNullElements" time="0"/>
  <testcase classname="pl.edu.pw.ee.HeapTest" name="buildShouldPassDataWhenSortedInDecreasingOrder" time="0"/>
  <testcase classname="pl.edu.pw.ee.HeapTest" name="popShouldStillWorkWhenBuildIsNotCalled" time="0"/>
  <testcase classname="pl.edu.pw.ee.HeapTest" name="popShouldReturnTheGreatestValueFromHeap" time="0"/>
  <testcase classname="pl.edu.pw.ee.HeapTest" name="popShouldMaintainHeapStructure" time="0.001"/>
  <testcase classname="pl.edu.pw.ee.HeapTest" name="dataCannotBeNull" time="0"/>
  <testcase classname="pl.edu.pw.ee.HeapTest" name="heapShouldWorkWithStrings" time="0"/>
</testsuite>