<?xml version="1.0" encoding="UTF-8" ?>
<testsuite tests="10" failures="0" name="pl.edu.pw.ee.HeapSortTest" time="16.947" errors="0" skipped="0">
  <properties>
[...]
</properties>
  <testcase classname="pl.edu.pw.ee.HeapSortTest" name="shouldSortArrayWithTwoElement" time="0.005"/>
  <testcase classname="pl.edu.pw.ee.HeapSortTest" name="numsShouldNotBeNull" time="0.001"/>
  <testcase classname="pl.edu.pw.ee.HeapSortTest" name="shouldSortReversedArray" time="0"/>
  <testcase classname="pl.edu.pw.ee.HeapSortTest" name="timeTestForBigArrays" time="16.941"/>
  <testcase classname="pl.edu.pw.ee.HeapSortTest" name="shouldPassArrayWithZeroElements" time="0"/>
  <testcase classname="pl.edu.pw.ee.HeapSortTest" name="shouldPassSortedArray" time="0"/>
  <testcase classname="pl.edu.pw.ee.HeapSortTest" name="shouldSortUnsortedArray" time="0"/>
  <testcase classname="pl.edu.pw.ee.HeapSortTest" name="shouldPassArrayWhenAllElementsAreTheSame" time="0"/>
  <testcase classname="pl.edu.pw.ee.HeapSortTest" name="shouldPassArrayWithOneElement" time="0"/>
  <testcase classname="pl.edu.pw.ee.HeapSortTest" name="shouldSortArrayWhenTwoElementsAreEqual" time="0"/>
</testsuite>